This is pdfTeX, Version 3.141592653-2.6-1.40.22 (TeX Live 2021) (preloaded format=pdflatex 2021.6.1)  1 MAR 2022 11:48
entering extended mode
 restricted \write18 enabled.
 %&-line parsing enabled.
**interaktive_forelesningsnotater_2A_del1_av_2.tex
(./interaktive_forelesningsnotater_2A_del1_av_2.tex
LaTeX2e <2020-10-01> patch level 4
L3 programming layer <2021-02-18>
(/usr/local/texlive/2021/texmf-dist/tex/latex/beamer/beamer.cls
Document Class: beamer 2021/03/19 v3.62 A class for typesetting presentations
(/usr/local/texlive/2021/texmf-dist/tex/latex/beamer/beamerbasemodes.sty
(/usr/local/texlive/2021/texmf-dist/tex/latex/etoolbox/etoolbox.sty
Package: etoolbox 2020/10/05 v2.5k e-TeX tools for LaTeX (JAW)
\etb@tempcnta=\count179
)
\beamer@tempbox=\box47
\beamer@tempcount=\count180
\c@beamerpauses=\count181

(/usr/local/texlive/2021/texmf-dist/tex/latex/beamer/beamerbasedecode.sty
\beamer@slideinframe=\count182
\beamer@minimum=\count183
\beamer@decode@box=\box48
)
\beamer@commentbox=\box49
\beamer@modecount=\count184
)
(/usr/local/texlive/2021/texmf-dist/tex/generic/iftex/ifpdf.sty
Package: ifpdf 2019/10/25 v3.4 ifpdf legacy package. Use iftex instead.

(/usr/local/texlive/2021/texmf-dist/tex/generic/iftex/iftex.sty
Package: iftex 2020/03/06 v1.0d TeX engine tests
))
\headdp=\dimen138
\footheight=\dimen139
\sidebarheight=\dimen140
\beamer@tempdim=\dimen141
\beamer@finalheight=\dimen142
\beamer@animht=\dimen143
\beamer@animdp=\dimen144
\beamer@animwd=\dimen145
\beamer@leftmargin=\dimen146
\beamer@rightmargin=\dimen147
\beamer@leftsidebar=\dimen148
\beamer@rightsidebar=\dimen149
\beamer@boxsize=\dimen150
\beamer@vboxoffset=\dimen151
\beamer@descdefault=\dimen152
\beamer@descriptionwidth=\dimen153
\beamer@lastskip=\skip47
\beamer@areabox=\box50
\beamer@animcurrent=\box51
\beamer@animshowbox=\box52
\beamer@sectionbox=\box53
\beamer@logobox=\box54
\beamer@linebox=\box55
\beamer@sectioncount=\count185
\beamer@subsubsectionmax=\count186
\beamer@subsectionmax=\count187
\beamer@sectionmax=\count188
\beamer@totalheads=\count189
\beamer@headcounter=\count190
\beamer@partstartpage=\count191
\beamer@sectionstartpage=\count192
\beamer@subsectionstartpage=\count193
\beamer@animationtempa=\count194
\beamer@animationtempb=\count195
\beamer@xpos=\count196
\beamer@ypos=\count197
\beamer@ypos@offset=\count198
\beamer@showpartnumber=\count199
\beamer@currentsubsection=\count266
\beamer@coveringdepth=\count267
\beamer@sectionadjust=\count268
\beamer@tocsectionnumber=\count269

(/usr/local/texlive/2021/texmf-dist/tex/latex/beamer/beamerbaseoptions.sty
(/usr/local/texlive/2021/texmf-dist/tex/latex/graphics/keyval.sty
Package: keyval 2014/10/28 v1.15 key=value parser (DPC)
\KV@toks@=\toks15
))
\beamer@paperwidth=\skip48
\beamer@paperheight=\skip49

(/usr/local/texlive/2021/texmf-dist/tex/latex/geometry/geometry.sty
Package: geometry 2020/01/02 v5.9 Page Geometry

(/usr/local/texlive/2021/texmf-dist/tex/generic/iftex/ifvtex.sty
Package: ifvtex 2019/10/25 v1.7 ifvtex legacy package. Use iftex instead.
)
\Gm@cnth=\count270
\Gm@cntv=\count271
\c@Gm@tempcnt=\count272
\Gm@bindingoffset=\dimen154
\Gm@wd@mp=\dimen155
\Gm@odd@mp=\dimen156
\Gm@even@mp=\dimen157
\Gm@layoutwidth=\dimen158
\Gm@layoutheight=\dimen159
\Gm@layouthoffset=\dimen160
\Gm@layoutvoffset=\dimen161
\Gm@dimlist=\toks16
)
(/usr/local/texlive/2021/texmf-dist/tex/latex/base/size11.clo
File: size11.clo 2020/04/10 v1.4m Standard LaTeX file (size option)
)
(/usr/local/texlive/2021/texmf-dist/tex/latex/pgf/basiclayer/pgfcore.sty
(/usr/local/texlive/2021/texmf-dist/tex/latex/graphics/graphicx.sty
Package: graphicx 2020/09/09 v1.2b Enhanced LaTeX Graphics (DPC,SPQR)

(/usr/local/texlive/2021/texmf-dist/tex/latex/graphics/graphics.sty
Package: graphics 2020/08/30 v1.4c Standard LaTeX Graphics (DPC,SPQR)

(/usr/local/texlive/2021/texmf-dist/tex/latex/graphics/trig.sty
Package: trig 2016/01/03 v1.10 sin cos tan (DPC)
)
(/usr/local/texlive/2021/texmf-dist/tex/latex/graphics-cfg/graphics.cfg
File: graphics.cfg 2016/06/04 v1.11 sample graphics configuration
)
Package graphics Info: Driver file: pdftex.def on input line 105.

(/usr/local/texlive/2021/texmf-dist/tex/latex/graphics-def/pdftex.def
File: pdftex.def 2020/10/05 v1.2a Graphics/color driver for pdftex
))
\Gin@req@height=\dimen162
\Gin@req@width=\dimen163
)
(/usr/local/texlive/2021/texmf-dist/tex/latex/pgf/systemlayer/pgfsys.sty
(/usr/local/texlive/2021/texmf-dist/tex/latex/pgf/utilities/pgfrcs.sty
(/usr/local/texlive/2021/texmf-dist/tex/generic/pgf/utilities/pgfutil-common.te
x
\pgfutil@everybye=\toks17
\pgfutil@tempdima=\dimen164
\pgfutil@tempdimb=\dimen165

(/usr/local/texlive/2021/texmf-dist/tex/generic/pgf/utilities/pgfutil-common-li
sts.tex))
(/usr/local/texlive/2021/texmf-dist/tex/generic/pgf/utilities/pgfutil-latex.def
\pgfutil@abb=\box56
) (/usr/local/texlive/2021/texmf-dist/tex/generic/pgf/utilities/pgfrcs.code.tex
(/usr/local/texlive/2021/texmf-dist/tex/generic/pgf/pgf.revision.tex)
Package: pgfrcs 2020/12/27 v3.1.8b (3.1.8b)
))
(/usr/local/texlive/2021/texmf-dist/tex/generic/pgf/systemlayer/pgfsys.code.tex
Package: pgfsys 2020/12/27 v3.1.8b (3.1.8b)
(/usr/local/texlive/2021/texmf-dist/tex/generic/pgf/utilities/pgfkeys.code.tex
\pgfkeys@pathtoks=\toks18
\pgfkeys@temptoks=\toks19

(/usr/local/texlive/2021/texmf-dist/tex/generic/pgf/utilities/pgfkeysfiltered.c
ode.tex
\pgfkeys@tmptoks=\toks20
))
\pgf@x=\dimen166
\pgf@y=\dimen167
\pgf@xa=\dimen168
\pgf@ya=\dimen169
\pgf@xb=\dimen170
\pgf@yb=\dimen171
\pgf@xc=\dimen172
\pgf@yc=\dimen173
\pgf@xd=\dimen174
\pgf@yd=\dimen175
\w@pgf@writea=\write3
\r@pgf@reada=\read2
\c@pgf@counta=\count273
\c@pgf@countb=\count274
\c@pgf@countc=\count275
\c@pgf@countd=\count276
\t@pgf@toka=\toks21
\t@pgf@tokb=\toks22
\t@pgf@tokc=\toks23
\pgf@sys@id@count=\count277

(/usr/local/texlive/2021/texmf-dist/tex/generic/pgf/systemlayer/pgf.cfg
File: pgf.cfg 2020/12/27 v3.1.8b (3.1.8b)
)
Driver file for pgf: pgfsys-pdftex.def

(/usr/local/texlive/2021/texmf-dist/tex/generic/pgf/systemlayer/pgfsys-pdftex.d
ef
File: pgfsys-pdftex.def 2020/12/27 v3.1.8b (3.1.8b)

(/usr/local/texlive/2021/texmf-dist/tex/generic/pgf/systemlayer/pgfsys-common-p
df.def
File: pgfsys-common-pdf.def 2020/12/27 v3.1.8b (3.1.8b)
)))
(/usr/local/texlive/2021/texmf-dist/tex/generic/pgf/systemlayer/pgfsyssoftpath.
code.tex
File: pgfsyssoftpath.code.tex 2020/12/27 v3.1.8b (3.1.8b)
\pgfsyssoftpath@smallbuffer@items=\count278
\pgfsyssoftpath@bigbuffer@items=\count279
)
(/usr/local/texlive/2021/texmf-dist/tex/generic/pgf/systemlayer/pgfsysprotocol.
code.tex
File: pgfsysprotocol.code.tex 2020/12/27 v3.1.8b (3.1.8b)
)) (/usr/local/texlive/2021/texmf-dist/tex/latex/xcolor/xcolor.sty
Package: xcolor 2016/05/11 v2.12 LaTeX color extensions (UK)

(/usr/local/texlive/2021/texmf-dist/tex/latex/graphics-cfg/color.cfg
File: color.cfg 2016/01/02 v1.6 sample color configuration
)
Package xcolor Info: Driver file: pdftex.def on input line 225.
Package xcolor Info: Model `cmy' substituted by `cmy0' on input line 1348.
Package xcolor Info: Model `hsb' substituted by `rgb' on input line 1352.
Package xcolor Info: Model `RGB' extended on input line 1364.
Package xcolor Info: Model `HTML' substituted by `rgb' on input line 1366.
Package xcolor Info: Model `Hsb' substituted by `hsb' on input line 1367.
Package xcolor Info: Model `tHsb' substituted by `hsb' on input line 1368.
Package xcolor Info: Model `HSB' substituted by `hsb' on input line 1369.
Package xcolor Info: Model `Gray' substituted by `gray' on input line 1370.
Package xcolor Info: Model `wave' substituted by `hsb' on input line 1371.
)
(/usr/local/texlive/2021/texmf-dist/tex/generic/pgf/basiclayer/pgfcore.code.tex
Package: pgfcore 2020/12/27 v3.1.8b (3.1.8b)
(/usr/local/texlive/2021/texmf-dist/tex/generic/pgf/math/pgfmath.code.tex
(/usr/local/texlive/2021/texmf-dist/tex/generic/pgf/math/pgfmathcalc.code.tex
(/usr/local/texlive/2021/texmf-dist/tex/generic/pgf/math/pgfmathutil.code.tex)
(/usr/local/texlive/2021/texmf-dist/tex/generic/pgf/math/pgfmathparser.code.tex
\pgfmath@dimen=\dimen176
\pgfmath@count=\count280
\pgfmath@box=\box57
\pgfmath@toks=\toks24
\pgfmath@stack@operand=\toks25
\pgfmath@stack@operation=\toks26
)
(/usr/local/texlive/2021/texmf-dist/tex/generic/pgf/math/pgfmathfunctions.code.
tex
(/usr/local/texlive/2021/texmf-dist/tex/generic/pgf/math/pgfmathfunctions.basic
.code.tex)
(/usr/local/texlive/2021/texmf-dist/tex/generic/pgf/math/pgfmathfunctions.trigo
nometric.code.tex)
(/usr/local/texlive/2021/texmf-dist/tex/generic/pgf/math/pgfmathfunctions.rando
m.code.tex)
(/usr/local/texlive/2021/texmf-dist/tex/generic/pgf/math/pgfmathfunctions.compa
rison.code.tex)
(/usr/local/texlive/2021/texmf-dist/tex/generic/pgf/math/pgfmathfunctions.base.
code.tex)
(/usr/local/texlive/2021/texmf-dist/tex/generic/pgf/math/pgfmathfunctions.round
.code.tex)
(/usr/local/texlive/2021/texmf-dist/tex/generic/pgf/math/pgfmathfunctions.misc.
code.tex)
(/usr/local/texlive/2021/texmf-dist/tex/generic/pgf/math/pgfmathfunctions.integ
erarithmetics.code.tex)))
(/usr/local/texlive/2021/texmf-dist/tex/generic/pgf/math/pgfmathfloat.code.tex
\c@pgfmathroundto@lastzeros=\count281
)) (/usr/local/texlive/2021/texmf-dist/tex/generic/pgf/math/pgfint.code.tex)
(/usr/local/texlive/2021/texmf-dist/tex/generic/pgf/basiclayer/pgfcorepoints.co
de.tex
File: pgfcorepoints.code.tex 2020/12/27 v3.1.8b (3.1.8b)
\pgf@picminx=\dimen177
\pgf@picmaxx=\dimen178
\pgf@picminy=\dimen179
\pgf@picmaxy=\dimen180
\pgf@pathminx=\dimen181
\pgf@pathmaxx=\dimen182
\pgf@pathminy=\dimen183
\pgf@pathmaxy=\dimen184
\pgf@xx=\dimen185
\pgf@xy=\dimen186
\pgf@yx=\dimen187
\pgf@yy=\dimen188
\pgf@zx=\dimen189
\pgf@zy=\dimen190
)
(/usr/local/texlive/2021/texmf-dist/tex/generic/pgf/basiclayer/pgfcorepathconst
ruct.code.tex
File: pgfcorepathconstruct.code.tex 2020/12/27 v3.1.8b (3.1.8b)
\pgf@path@lastx=\dimen191
\pgf@path@lasty=\dimen192
)
(/usr/local/texlive/2021/texmf-dist/tex/generic/pgf/basiclayer/pgfcorepathusage
.code.tex
File: pgfcorepathusage.code.tex 2020/12/27 v3.1.8b (3.1.8b)
\pgf@shorten@end@additional=\dimen193
\pgf@shorten@start@additional=\dimen194
)
(/usr/local/texlive/2021/texmf-dist/tex/generic/pgf/basiclayer/pgfcorescopes.co
de.tex
File: pgfcorescopes.code.tex 2020/12/27 v3.1.8b (3.1.8b)
\pgfpic=\box58
\pgf@hbox=\box59
\pgf@layerbox@main=\box60
\pgf@picture@serial@count=\count282
)
(/usr/local/texlive/2021/texmf-dist/tex/generic/pgf/basiclayer/pgfcoregraphicst
ate.code.tex
File: pgfcoregraphicstate.code.tex 2020/12/27 v3.1.8b (3.1.8b)
\pgflinewidth=\dimen195
)
(/usr/local/texlive/2021/texmf-dist/tex/generic/pgf/basiclayer/pgfcoretransform
ations.code.tex
File: pgfcoretransformations.code.tex 2020/12/27 v3.1.8b (3.1.8b)
\pgf@pt@x=\dimen196
\pgf@pt@y=\dimen197
\pgf@pt@temp=\dimen198
)
(/usr/local/texlive/2021/texmf-dist/tex/generic/pgf/basiclayer/pgfcorequick.cod
e.tex
File: pgfcorequick.code.tex 2020/12/27 v3.1.8b (3.1.8b)
)
(/usr/local/texlive/2021/texmf-dist/tex/generic/pgf/basiclayer/pgfcoreobjects.c
ode.tex
File: pgfcoreobjects.code.tex 2020/12/27 v3.1.8b (3.1.8b)
)
(/usr/local/texlive/2021/texmf-dist/tex/generic/pgf/basiclayer/pgfcorepathproce
ssing.code.tex
File: pgfcorepathprocessing.code.tex 2020/12/27 v3.1.8b (3.1.8b)
)
(/usr/local/texlive/2021/texmf-dist/tex/generic/pgf/basiclayer/pgfcorearrows.co
de.tex
File: pgfcorearrows.code.tex 2020/12/27 v3.1.8b (3.1.8b)
\pgfarrowsep=\dimen199
)
(/usr/local/texlive/2021/texmf-dist/tex/generic/pgf/basiclayer/pgfcoreshade.cod
e.tex
File: pgfcoreshade.code.tex 2020/12/27 v3.1.8b (3.1.8b)
\pgf@max=\dimen256
\pgf@sys@shading@range@num=\count283
\pgf@shadingcount=\count284
)
(/usr/local/texlive/2021/texmf-dist/tex/generic/pgf/basiclayer/pgfcoreimage.cod
e.tex
File: pgfcoreimage.code.tex 2020/12/27 v3.1.8b (3.1.8b)

(/usr/local/texlive/2021/texmf-dist/tex/generic/pgf/basiclayer/pgfcoreexternal.
code.tex
File: pgfcoreexternal.code.tex 2020/12/27 v3.1.8b (3.1.8b)
\pgfexternal@startupbox=\box61
))
(/usr/local/texlive/2021/texmf-dist/tex/generic/pgf/basiclayer/pgfcorelayers.co
de.tex
File: pgfcorelayers.code.tex 2020/12/27 v3.1.8b (3.1.8b)
)
(/usr/local/texlive/2021/texmf-dist/tex/generic/pgf/basiclayer/pgfcoretranspare
ncy.code.tex
File: pgfcoretransparency.code.tex 2020/12/27 v3.1.8b (3.1.8b)
)
(/usr/local/texlive/2021/texmf-dist/tex/generic/pgf/basiclayer/pgfcorepatterns.
code.tex
File: pgfcorepatterns.code.tex 2020/12/27 v3.1.8b (3.1.8b)
)
(/usr/local/texlive/2021/texmf-dist/tex/generic/pgf/basiclayer/pgfcorerdf.code.
tex
File: pgfcorerdf.code.tex 2020/12/27 v3.1.8b (3.1.8b)
))) (/usr/local/texlive/2021/texmf-dist/tex/latex/pgf/utilities/xxcolor.sty
Package: xxcolor 2003/10/24 ver 0.1
\XC@nummixins=\count285
\XC@countmixins=\count286
) (/usr/local/texlive/2021/texmf-dist/tex/latex/base/atbegshi-ltx.sty
Package: atbegshi-ltx 2020/08/17 v1.0a Emulation of the original atbegshi packa
ge
with kernel methods
)
(/usr/local/texlive/2021/texmf-dist/tex/latex/hyperref/hyperref.sty
Package: hyperref 2021-02-27 v7.00k Hypertext links for LaTeX

(/usr/local/texlive/2021/texmf-dist/tex/generic/ltxcmds/ltxcmds.sty
Package: ltxcmds 2020-05-10 v1.25 LaTeX kernel commands for general use (HO)
)
(/usr/local/texlive/2021/texmf-dist/tex/generic/pdftexcmds/pdftexcmds.sty
Package: pdftexcmds 2020-06-27 v0.33 Utility functions of pdfTeX for LuaTeX (HO
)

(/usr/local/texlive/2021/texmf-dist/tex/generic/infwarerr/infwarerr.sty
Package: infwarerr 2019/12/03 v1.5 Providing info/warning/error messages (HO)
)
Package pdftexcmds Info: \pdf@primitive is available.
Package pdftexcmds Info: \pdf@ifprimitive is available.
Package pdftexcmds Info: \pdfdraftmode found.
)
(/usr/local/texlive/2021/texmf-dist/tex/generic/kvsetkeys/kvsetkeys.sty
Package: kvsetkeys 2019/12/15 v1.18 Key value parser (HO)
)
(/usr/local/texlive/2021/texmf-dist/tex/generic/kvdefinekeys/kvdefinekeys.sty
Package: kvdefinekeys 2019-12-19 v1.6 Define keys (HO)
)
(/usr/local/texlive/2021/texmf-dist/tex/generic/pdfescape/pdfescape.sty
Package: pdfescape 2019/12/09 v1.15 Implements pdfTeX's escape features (HO)
)
(/usr/local/texlive/2021/texmf-dist/tex/latex/hycolor/hycolor.sty
Package: hycolor 2020-01-27 v1.10 Color options for hyperref/bookmark (HO)
)
(/usr/local/texlive/2021/texmf-dist/tex/latex/letltxmacro/letltxmacro.sty
Package: letltxmacro 2019/12/03 v1.6 Let assignment for LaTeX macros (HO)
)
(/usr/local/texlive/2021/texmf-dist/tex/latex/auxhook/auxhook.sty
Package: auxhook 2019-12-17 v1.6 Hooks for auxiliary files (HO)
)
(/usr/local/texlive/2021/texmf-dist/tex/latex/kvoptions/kvoptions.sty
Package: kvoptions 2020-10-07 v3.14 Key value format for package options (HO)
)
\@linkdim=\dimen257
\Hy@linkcounter=\count287
\Hy@pagecounter=\count288

(/usr/local/texlive/2021/texmf-dist/tex/latex/hyperref/pd1enc.def
File: pd1enc.def 2021-02-27 v7.00k Hyperref: PDFDocEncoding definition (HO)
Now handling font encoding PD1 ...
... no UTF-8 mapping file for font encoding PD1
)
(/usr/local/texlive/2021/texmf-dist/tex/latex/hyperref/hyperref-langpatches.def
File: hyperref-langpatches.def 2021-02-27 v7.00k Hyperref: patches for babel la
nguages
) (/usr/local/texlive/2021/texmf-dist/tex/generic/intcalc/intcalc.sty
Package: intcalc 2019/12/15 v1.3 Expandable calculations with integers (HO)
)
(/usr/local/texlive/2021/texmf-dist/tex/generic/etexcmds/etexcmds.sty
Package: etexcmds 2019/12/15 v1.7 Avoid name clashes with e-TeX commands (HO)
)
\Hy@SavedSpaceFactor=\count289

(/usr/local/texlive/2021/texmf-dist/tex/latex/hyperref/puenc.def
File: puenc.def 2021-02-27 v7.00k Hyperref: PDF Unicode definition (HO)
Now handling font encoding PU ...
... no UTF-8 mapping file for font encoding PU
)
Package hyperref Info: Option `bookmarks' set `true' on input line 4073.
Package hyperref Info: Option `bookmarksopen' set `true' on input line 4073.
Package hyperref Info: Option `implicit' set `false' on input line 4073.
Package hyperref Info: Hyper figures OFF on input line 4192.
Package hyperref Info: Link nesting OFF on input line 4197.
Package hyperref Info: Hyper index ON on input line 4200.
Package hyperref Info: Plain pages OFF on input line 4207.
Package hyperref Info: Backreferencing OFF on input line 4212.
Package hyperref Info: Implicit mode OFF; no redefinition of LaTeX internals.
Package hyperref Info: Bookmarks ON on input line 4445.
\c@Hy@tempcnt=\count290

(/usr/local/texlive/2021/texmf-dist/tex/latex/url/url.sty
\Urlmuskip=\muskip16
Package: url 2013/09/16  ver 3.4  Verb mode for urls, etc.
)
LaTeX Info: Redefining \url on input line 4804.
\XeTeXLinkMargin=\dimen258

(/usr/local/texlive/2021/texmf-dist/tex/generic/bitset/bitset.sty
Package: bitset 2019/12/09 v1.3 Handle bit-vector datatype (HO)

(/usr/local/texlive/2021/texmf-dist/tex/generic/bigintcalc/bigintcalc.sty
Package: bigintcalc 2019/12/15 v1.5 Expandable calculations on big integers (HO
)
))
\Fld@menulength=\count291
\Field@Width=\dimen259
\Fld@charsize=\dimen260
Package hyperref Info: Hyper figures OFF on input line 6075.
Package hyperref Info: Link nesting OFF on input line 6080.
Package hyperref Info: Hyper index ON on input line 6083.
Package hyperref Info: backreferencing OFF on input line 6090.
Package hyperref Info: Link coloring OFF on input line 6095.
Package hyperref Info: Link coloring with OCG OFF on input line 6100.
Package hyperref Info: PDF/A mode OFF on input line 6105.
LaTeX Info: Redefining \ref on input line 6145.
LaTeX Info: Redefining \pageref on input line 6149.
\Hy@abspage=\count292


Package hyperref Message: Stopped early.

)
Package hyperref Info: Driver (autodetected): hpdftex.
 (/usr/local/texlive/2021/texmf-dist/tex/latex/hyperref/hpdftex.def
File: hpdftex.def 2021-02-27 v7.00k Hyperref driver for pdfTeX

(/usr/local/texlive/2021/texmf-dist/tex/latex/base/atveryend-ltx.sty
Package: atveryend-ltx 2020/08/19 v1.0a Emulation of the original atvery packag
e
with kernel methods
)
\Fld@listcount=\count293
\c@bookmark@seq@number=\count294

(/usr/local/texlive/2021/texmf-dist/tex/latex/rerunfilecheck/rerunfilecheck.sty
Package: rerunfilecheck 2019/12/05 v1.9 Rerun checks for auxiliary files (HO)

(/usr/local/texlive/2021/texmf-dist/tex/generic/uniquecounter/uniquecounter.sty
Package: uniquecounter 2019/12/15 v1.4 Provide unlimited unique counter (HO)
)
Package uniquecounter Info: New unique counter `rerunfilecheck' on input line 2
86.
)) (/usr/local/texlive/2021/texmf-dist/tex/latex/beamer/beamerbaserequires.sty
(/usr/local/texlive/2021/texmf-dist/tex/latex/beamer/beamerbasecompatibility.st
y) (/usr/local/texlive/2021/texmf-dist/tex/latex/beamer/beamerbasefont.sty
(/usr/local/texlive/2021/texmf-dist/tex/latex/amsfonts/amssymb.sty
Package: amssymb 2013/01/14 v3.01 AMS font symbols

(/usr/local/texlive/2021/texmf-dist/tex/latex/amsfonts/amsfonts.sty
Package: amsfonts 2013/01/14 v3.01 Basic AMSFonts support
\@emptytoks=\toks27
\symAMSa=\mathgroup4
\symAMSb=\mathgroup5
LaTeX Font Info:    Redeclaring math symbol \hbar on input line 98.
LaTeX Font Info:    Overwriting math alphabet `\mathfrak' in version `bold'
(Font)                  U/euf/m/n --> U/euf/b/n on input line 106.
))
(/usr/local/texlive/2021/texmf-dist/tex/latex/sansmathaccent/sansmathaccent.sty
Package: sansmathaccent 2020/01/31
(/usr/local/texlive/2021/texmf-dist/tex/latex/koma-script/scrlfile.sty
Package: scrlfile 2021/03/17 v3.33 KOMA-Script package (file load hooks)

(/usr/local/texlive/2021/texmf-dist/tex/latex/koma-script/scrlfile-hook.sty
Package: scrlfile-hook 2021/03/17 v3.33 KOMA-Script package (using LaTeX hooks)


LaTeX3 Info: Defining command \BeforeFile with sig. 'm' on line 61.


LaTeX3 Info: Defining command \AfterFile with sig. 'm' on line 65.


LaTeX3 Info: Defining command \BeforeClass with sig. 'm' on line 69.


LaTeX3 Info: Defining command \BeforePackage with sig. 'm' on line 73.


LaTeX3 Info: Defining command \AfterAtEndOfClass with sig. 'smo+m' on line 83.


LaTeX3 Info: Defining command \AfterAtEndOfPackage with sig. 'smo+m' on line
(LaTeX3)     93.


LaTeX3 Info: Defining command \scrlfile@AfterClass with sig. 'smo+m' on line
(LaTeX3)     173.


LaTeX3 Info: Defining command \AfterClass with sig. '' on line 174.


LaTeX3 Info: Defining command \scrlfile@AfterPackage with sig. 'smo+m' on line
(LaTeX3)     191.


LaTeX3 Info: Defining command \AfterPackage with sig. '' on line 192.


LaTeX3 Info: Defining command \ReplaceInput with sig. '' on line 193.


LaTeX3 Info: Defining command \ReplaceClass with sig. 'mm' on line 196.


LaTeX3 Info: Defining command \ReplacePackage with sig. 'mm' on line 199.


LaTeX3 Info: Defining command \UnReplaceInput with sig. '' on line 200.


LaTeX3 Info: Defining command \UnReplaceClass with sig. 'm' on line 203.


LaTeX3 Info: Defining command \UnReplacePackage with sig. 'mm' on line 206.


LaTeX3 Info: Defining command \PreventPackageFromLoading with sig. 's+om' on
(LaTeX3)     line 234.


LaTeX3 Info: Defining command \StorePreventPackageFromLoading with sig. 'm' on
(LaTeX3)     line 242.


LaTeX3 Info: Defining command \ResetPreventPackageFromLoading with sig. '' on
(LaTeX3)     line 247.


LaTeX3 Info: Defining command \UnPreventPackageFromLoading with sig. 'sm' on
(LaTeX3)     line 261.


LaTeX3 Info: Defining command \BeforeClosingMainAux with sig. 'om' on line
(LaTeX3)     274.


LaTeX3 Info: Defining command \AfterReadingMainAux with sig. 'om' on line 287.


LaTeX3 Info: Defining command \protected@immediate@write with sig. 'm+m+m' on
(LaTeX3)     line 298.


(/usr/local/texlive/2021/texmf-dist/tex/latex/koma-script/scrlogo.sty
Package: scrlogo 2021/03/17 v3.33 KOMA-Script package (logo)
)))))
(/usr/local/texlive/2021/texmf-dist/tex/latex/beamer/beamerbasetranslator.sty
(/usr/local/texlive/2021/texmf-dist/tex/latex/translator/translator.sty
Package: translator 2020-08-03 v1.12c Easy translation of strings in LaTeX
))
(/usr/local/texlive/2021/texmf-dist/tex/latex/beamer/beamerbasemisc.sty)
(/usr/local/texlive/2021/texmf-dist/tex/latex/beamer/beamerbasetwoscreens.sty)
(/usr/local/texlive/2021/texmf-dist/tex/latex/beamer/beamerbaseoverlay.sty
\beamer@argscount=\count295
\beamer@lastskipcover=\skip50
\beamer@trivlistdepth=\count296
)
(/usr/local/texlive/2021/texmf-dist/tex/latex/beamer/beamerbasetitle.sty)
(/usr/local/texlive/2021/texmf-dist/tex/latex/beamer/beamerbasesection.sty
\c@lecture=\count297
\c@part=\count298
\c@section=\count299
\c@subsection=\count300
\c@subsubsection=\count301
)
(/usr/local/texlive/2021/texmf-dist/tex/latex/beamer/beamerbaseframe.sty
\beamer@framebox=\box62
\beamer@frametitlebox=\box63
\beamer@zoombox=\box64
\beamer@zoomcount=\count302
\beamer@zoomframecount=\count303
\beamer@frametextheight=\dimen261
\c@subsectionslide=\count304
\beamer@frametopskip=\skip51
\beamer@framebottomskip=\skip52
\beamer@frametopskipautobreak=\skip53
\beamer@framebottomskipautobreak=\skip54
\beamer@envbody=\toks28
\framewidth=\dimen262
\c@framenumber=\count305
)
(/usr/local/texlive/2021/texmf-dist/tex/latex/beamer/beamerbaseverbatim.sty
\beamer@verbatimfileout=\write4
)
(/usr/local/texlive/2021/texmf-dist/tex/latex/beamer/beamerbaseframesize.sty
\beamer@splitbox=\box65
\beamer@autobreakcount=\count306
\beamer@autobreaklastheight=\dimen263
\beamer@frametitletoks=\toks29
\beamer@framesubtitletoks=\toks30
)
(/usr/local/texlive/2021/texmf-dist/tex/latex/beamer/beamerbaseframecomponents.
sty
\beamer@footins=\box66
) (/usr/local/texlive/2021/texmf-dist/tex/latex/beamer/beamerbasecolor.sty)
(/usr/local/texlive/2021/texmf-dist/tex/latex/beamer/beamerbasenotes.sty
\beamer@frameboxcopy=\box67
)
(/usr/local/texlive/2021/texmf-dist/tex/latex/beamer/beamerbasetoc.sty)
(/usr/local/texlive/2021/texmf-dist/tex/latex/beamer/beamerbasetemplates.sty
\beamer@sbttoks=\toks31

(/usr/local/texlive/2021/texmf-dist/tex/latex/beamer/beamerbaseauxtemplates.sty
(/usr/local/texlive/2021/texmf-dist/tex/latex/beamer/beamerbaseboxes.sty
\bmb@box=\box68
\bmb@colorbox=\box69
\bmb@boxwidth=\dimen264
\bmb@boxheight=\dimen265
\bmb@prevheight=\dimen266
\bmb@temp=\dimen267
\bmb@dima=\dimen268
\bmb@dimb=\dimen269
\bmb@prevheight=\dimen270
)
\beamer@blockheadheight=\dimen271
))
(/usr/local/texlive/2021/texmf-dist/tex/latex/beamer/beamerbaselocalstructure.s
ty (/usr/local/texlive/2021/texmf-dist/tex/latex/tools/enumerate.sty
Package: enumerate 2015/07/23 v3.00 enumerate extensions (DPC)
\@enLab=\toks32
)
\beamer@bibiconwidth=\skip55
\c@figure=\count307
\c@table=\count308
\abovecaptionskip=\skip56
\belowcaptionskip=\skip57
)
(/usr/local/texlive/2021/texmf-dist/tex/latex/beamer/beamerbasenavigation.sty
\beamer@section@min@dim=\dimen272
)
(/usr/local/texlive/2021/texmf-dist/tex/latex/beamer/beamerbasetheorems.sty
(/usr/local/texlive/2021/texmf-dist/tex/latex/amsmath/amsmath.sty
Package: amsmath 2020/09/23 v2.17i AMS math features
\@mathmargin=\skip58

For additional information on amsmath, use the `?' option.
(/usr/local/texlive/2021/texmf-dist/tex/latex/amsmath/amstext.sty
Package: amstext 2000/06/29 v2.01 AMS text

(/usr/local/texlive/2021/texmf-dist/tex/latex/amsmath/amsgen.sty
File: amsgen.sty 1999/11/30 v2.0 generic functions
\@emptytoks=\toks33
\ex@=\dimen273
))
(/usr/local/texlive/2021/texmf-dist/tex/latex/amsmath/amsbsy.sty
Package: amsbsy 1999/11/29 v1.2d Bold Symbols
\pmbraise@=\dimen274
)
(/usr/local/texlive/2021/texmf-dist/tex/latex/amsmath/amsopn.sty
Package: amsopn 2016/03/08 v2.02 operator names
)
\inf@bad=\count309
LaTeX Info: Redefining \frac on input line 234.
\uproot@=\count310
\leftroot@=\count311
LaTeX Info: Redefining \overline on input line 399.
\classnum@=\count312
\DOTSCASE@=\count313
LaTeX Info: Redefining \ldots on input line 496.
LaTeX Info: Redefining \dots on input line 499.
LaTeX Info: Redefining \cdots on input line 620.
\Mathstrutbox@=\box70
\strutbox@=\box71
\big@size=\dimen275
LaTeX Font Info:    Redeclaring font encoding OML on input line 743.
LaTeX Font Info:    Redeclaring font encoding OMS on input line 744.
\macc@depth=\count314
\c@MaxMatrixCols=\count315
\dotsspace@=\muskip17
\c@parentequation=\count316
\dspbrk@lvl=\count317
\tag@help=\toks34
\row@=\count318
\column@=\count319
\maxfields@=\count320
\andhelp@=\toks35
\eqnshift@=\dimen276
\alignsep@=\dimen277
\tagshift@=\dimen278
\tagwidth@=\dimen279
\totwidth@=\dimen280
\lineht@=\dimen281
\@envbody=\toks36
\multlinegap=\skip59
\multlinetaggap=\skip60
\mathdisplay@stack=\toks37
LaTeX Info: Redefining \[ on input line 2923.
LaTeX Info: Redefining \] on input line 2924.
)
(/usr/local/texlive/2021/texmf-dist/tex/latex/amscls/amsthm.sty
Package: amsthm 2020/05/29 v2.20.6
\thm@style=\toks38
\thm@bodyfont=\toks39
\thm@headfont=\toks40
\thm@notefont=\toks41
\thm@headpunct=\toks42
\thm@preskip=\skip61
\thm@postskip=\skip62
\thm@headsep=\skip63
\dth@everypar=\toks43
)
\c@theorem=\count321
)
(/usr/local/texlive/2021/texmf-dist/tex/latex/beamer/beamerbasethemes.sty))
(/usr/local/texlive/2021/texmf-dist/tex/latex/beamer/beamerthemedefault.sty
(/usr/local/texlive/2021/texmf-dist/tex/latex/beamer/beamerfontthemedefault.sty
)
(/usr/local/texlive/2021/texmf-dist/tex/latex/beamer/beamercolorthemedefault.st
y)
(/usr/local/texlive/2021/texmf-dist/tex/latex/beamer/beamerinnerthemedefault.st
y
\beamer@dima=\dimen282
\beamer@dimb=\dimen283
)
(/usr/local/texlive/2021/texmf-dist/tex/latex/beamer/beamerouterthemedefault.st
y))) (../usercommands_pdf.tex)
(/usr/local/texlive/2021/texmf-dist/tex/latex/beamer/beamerthemeBoadilla.sty
(/usr/local/texlive/2021/texmf-dist/tex/latex/beamer/beamercolorthemerose.sty)
(/usr/local/texlive/2021/texmf-dist/tex/latex/beamer/beamerinnerthemerounded.st
y)
(/usr/local/texlive/2021/texmf-dist/tex/latex/beamer/beamercolorthemedolphin.st
y)
(/usr/local/texlive/2021/texmf-dist/tex/latex/beamer/beamerouterthemeinfolines.
sty)) (/usr/local/texlive/2021/texmf-dist/tex/latex/pgf/frontendlayer/tikz.sty
(/usr/local/texlive/2021/texmf-dist/tex/latex/pgf/basiclayer/pgf.sty
Package: pgf 2020/12/27 v3.1.8b (3.1.8b)

(/usr/local/texlive/2021/texmf-dist/tex/generic/pgf/modules/pgfmoduleshapes.cod
e.tex
File: pgfmoduleshapes.code.tex 2020/12/27 v3.1.8b (3.1.8b)
\pgfnodeparttextbox=\box72
)
(/usr/local/texlive/2021/texmf-dist/tex/generic/pgf/modules/pgfmoduleplot.code.
tex
File: pgfmoduleplot.code.tex 2020/12/27 v3.1.8b (3.1.8b)
)
(/usr/local/texlive/2021/texmf-dist/tex/latex/pgf/compatibility/pgfcomp-version
-0-65.sty
Package: pgfcomp-version-0-65 2020/12/27 v3.1.8b (3.1.8b)
\pgf@nodesepstart=\dimen284
\pgf@nodesepend=\dimen285
)
(/usr/local/texlive/2021/texmf-dist/tex/latex/pgf/compatibility/pgfcomp-version
-1-18.sty
Package: pgfcomp-version-1-18 2020/12/27 v3.1.8b (3.1.8b)
))
(/usr/local/texlive/2021/texmf-dist/tex/latex/pgf/utilities/pgffor.sty
(/usr/local/texlive/2021/texmf-dist/tex/latex/pgf/utilities/pgfkeys.sty
(/usr/local/texlive/2021/texmf-dist/tex/generic/pgf/utilities/pgfkeys.code.tex)
) (/usr/local/texlive/2021/texmf-dist/tex/latex/pgf/math/pgfmath.sty
(/usr/local/texlive/2021/texmf-dist/tex/generic/pgf/math/pgfmath.code.tex))
(/usr/local/texlive/2021/texmf-dist/tex/generic/pgf/utilities/pgffor.code.tex
Package: pgffor 2020/12/27 v3.1.8b (3.1.8b)

(/usr/local/texlive/2021/texmf-dist/tex/generic/pgf/math/pgfmath.code.tex)
\pgffor@iter=\dimen286
\pgffor@skip=\dimen287
\pgffor@stack=\toks44
\pgffor@toks=\toks45
))
(/usr/local/texlive/2021/texmf-dist/tex/generic/pgf/frontendlayer/tikz/tikz.cod
e.tex
Package: tikz 2020/12/27 v3.1.8b (3.1.8b)

(/usr/local/texlive/2021/texmf-dist/tex/generic/pgf/libraries/pgflibraryplothan
dlers.code.tex
File: pgflibraryplothandlers.code.tex 2020/12/27 v3.1.8b (3.1.8b)
\pgf@plot@mark@count=\count322
\pgfplotmarksize=\dimen288
)
\tikz@lastx=\dimen289
\tikz@lasty=\dimen290
\tikz@lastxsaved=\dimen291
\tikz@lastysaved=\dimen292
\tikz@lastmovetox=\dimen293
\tikz@lastmovetoy=\dimen294
\tikzleveldistance=\dimen295
\tikzsiblingdistance=\dimen296
\tikz@figbox=\box73
\tikz@figbox@bg=\box74
\tikz@tempbox=\box75
\tikz@tempbox@bg=\box76
\tikztreelevel=\count323
\tikznumberofchildren=\count324
\tikznumberofcurrentchild=\count325
\tikz@fig@count=\count326

(/usr/local/texlive/2021/texmf-dist/tex/generic/pgf/modules/pgfmodulematrix.cod
e.tex
File: pgfmodulematrix.code.tex 2020/12/27 v3.1.8b (3.1.8b)
\pgfmatrixcurrentrow=\count327
\pgfmatrixcurrentcolumn=\count328
\pgf@matrix@numberofcolumns=\count329
)
\tikz@expandcount=\count330

(/usr/local/texlive/2021/texmf-dist/tex/generic/pgf/frontendlayer/tikz/librarie
s/tikzlibrarytopaths.code.tex
File: tikzlibrarytopaths.code.tex 2020/12/27 v3.1.8b (3.1.8b)
)))
(/usr/local/texlive/2021/texmf-dist/tex/latex/cancel/cancel.sty
Package: cancel 2013/04/12 v2.2 Cancel math terms
)
(/usr/local/texlive/2021/texmf-dist/tex/latex/tikzsymbols/tikzsymbols.sty
(/usr/local/texlive/2021/texmf-dist/tex/latex/l3packages/xparse/xparse.sty
(/usr/local/texlive/2021/texmf-dist/tex/latex/l3kernel/expl3.sty
Package: expl3 2021-02-18 L3 programming layer (loader) 

(/usr/local/texlive/2021/texmf-dist/tex/latex/l3backend/l3backend-pdftex.def
File: l3backend-pdftex.def 2021-03-18 L3 backend support: PDF output (pdfTeX)
\l__color_backend_stack_int=\count331
\l__pdf_internal_box=\box77
))
(/usr/local/texlive/2021/texmf-dist/tex/latex/l3packages/xparse/xparse-2020-10-
01.sty
(/usr/local/texlive/2021/texmf-dist/tex/latex/l3packages/xparse/xparse-generic.
tex)))
Package: tikzsymbols 2019/02/08 v4.10c Some symbols created using tikz and LaTe
X3.
 (/usr/local/texlive/2021/texmf-dist/tex/latex/tools/xspace.sty
Package: xspace 2014/10/28 v1.13 Space after command names (DPC,MH)
)
(/usr/local/texlive/2021/texmf-dist/tex/latex/l3packages/l3keys2e/l3keys2e.sty
Package: l3keys2e 2021-03-12 LaTeX2e option processing using LaTeX3 keys
)
(/usr/local/texlive/2021/texmf-dist/tex/generic/pgf/frontendlayer/tikz/librarie
s/tikzlibraryarrows.code.tex
File: tikzlibraryarrows.code.tex 2020/12/27 v3.1.8b (3.1.8b)

(/usr/local/texlive/2021/texmf-dist/tex/generic/pgf/libraries/pgflibraryarrows.
code.tex
File: pgflibraryarrows.code.tex 2020/12/27 v3.1.8b (3.1.8b)
\arrowsize=\dimen297
))
(/usr/local/texlive/2021/texmf-dist/tex/generic/pgf/frontendlayer/tikz/librarie
s/tikzlibrarydecorations.pathmorphing.code.tex
(/usr/local/texlive/2021/texmf-dist/tex/generic/pgf/frontendlayer/tikz/librarie
s/tikzlibrarydecorations.code.tex
(/usr/local/texlive/2021/texmf-dist/tex/generic/pgf/modules/pgfmoduledecoration
s.code.tex
\pgfdecoratedcompleteddistance=\dimen298
\pgfdecoratedremainingdistance=\dimen299
\pgfdecoratedinputsegmentcompleteddistance=\dimen300
\pgfdecoratedinputsegmentremainingdistance=\dimen301
\pgf@decorate@distancetomove=\dimen302
\pgf@decorate@repeatstate=\count332
\pgfdecorationsegmentamplitude=\dimen303
\pgfdecorationsegmentlength=\dimen304
)
\tikz@lib@dec@box=\box78
)
(/usr/local/texlive/2021/texmf-dist/tex/generic/pgf/libraries/decorations/pgfli
brarydecorations.pathmorphing.code.tex))
(/usr/local/texlive/2021/texmf-dist/tex/generic/pgf/frontendlayer/tikz/librarie
s/tikzlibrarytrees.code.tex
File: tikzlibrarytrees.code.tex 2020/12/27 v3.1.8b (3.1.8b)
)
\l__tikzsymbols_Moai_thickness_dim=\dimen305
)
(/usr/local/texlive/2021/texmf-dist/tex/latex/base/ifthen.sty
Package: ifthen 2014/09/29 v1.1c Standard LaTeX ifthen package (DPC)
)
Package hyperref Info: Option `colorlinks' set `true' on input line 62.
\c@pageno=\count333
\c@nopages=\count334

(./interaktive_forelesningsnotater_2A_del1_av_2.aux)
\openout1 = `interaktive_forelesningsnotater_2A_del1_av_2.aux'.

LaTeX Font Info:    Checking defaults for OML/cmm/m/it on input line 267.
LaTeX Font Info:    ... okay on input line 267.
LaTeX Font Info:    Checking defaults for OMS/cmsy/m/n on input line 267.
LaTeX Font Info:    ... okay on input line 267.
LaTeX Font Info:    Checking defaults for OT1/cmr/m/n on input line 267.
LaTeX Font Info:    ... okay on input line 267.
LaTeX Font Info:    Checking defaults for T1/cmr/m/n on input line 267.
LaTeX Font Info:    ... okay on input line 267.
LaTeX Font Info:    Checking defaults for TS1/cmr/m/n on input line 267.
LaTeX Font Info:    ... okay on input line 267.
LaTeX Font Info:    Checking defaults for OMX/cmex/m/n on input line 267.
LaTeX Font Info:    ... okay on input line 267.
LaTeX Font Info:    Checking defaults for U/cmr/m/n on input line 267.
LaTeX Font Info:    ... okay on input line 267.
LaTeX Font Info:    Checking defaults for PD1/pdf/m/n on input line 267.
LaTeX Font Info:    ... okay on input line 267.
LaTeX Font Info:    Checking defaults for PU/pdf/m/n on input line 267.
LaTeX Font Info:    ... okay on input line 267.

*geometry* driver: auto-detecting
*geometry* detected driver: pdftex
*geometry* verbose mode - [ preamble ] result:
* driver: pdftex
* paper: custom
* layout: <same size as paper>
* layoutoffset:(h,v)=(0.0pt,0.0pt)
* modes: includehead includefoot 
* h-part:(L,W,R)=(10.95003pt, 342.2953pt, 10.95003pt)
* v-part:(T,H,B)=(0.0pt, 273.14662pt, 0.0pt)
* \paperwidth=364.19536pt
* \paperheight=273.14662pt
* \textwidth=342.2953pt
* \textheight=244.6939pt
* \oddsidemargin=-61.31996pt
* \evensidemargin=-61.31996pt
* \topmargin=-72.26999pt
* \headheight=14.22636pt
* \headsep=0.0pt
* \topskip=11.0pt
* \footskip=14.22636pt
* \marginparwidth=4.0pt
* \marginparsep=10.0pt
* \columnsep=10.0pt
* \skip\footins=10.0pt plus 4.0pt minus 2.0pt
* \hoffset=0.0pt
* \voffset=0.0pt
* \mag=1000
* \@twocolumnfalse
* \@twosidefalse
* \@mparswitchfalse
* \@reversemarginfalse
* (1in=72.27pt=25.4mm, 1cm=28.453pt)

(/usr/local/texlive/2021/texmf-dist/tex/context/base/mkii/supp-pdf.mkii
[Loading MPS to PDF converter (version 2006.09.02).]
\scratchcounter=\count335
\scratchdimen=\dimen306
\scratchbox=\box79
\nofMPsegments=\count336
\nofMParguments=\count337
\everyMPshowfont=\toks46
\MPscratchCnt=\count338
\MPscratchDim=\dimen307
\MPnumerator=\count339
\makeMPintoPDFobject=\count340
\everyMPtoPDFconversion=\toks47
) (/usr/local/texlive/2021/texmf-dist/tex/latex/epstopdf-pkg/epstopdf-base.sty
Package: epstopdf-base 2020-01-24 v2.11 Base part for package epstopdf
Package epstopdf-base Info: Redefining graphics rule for `.eps' on input line 4
85.

(/usr/local/texlive/2021/texmf-dist/tex/latex/latexconfig/epstopdf-sys.cfg
File: epstopdf-sys.cfg 2010/07/13 v1.3 Configuration of (r)epstopdf for TeX Liv
e
))
Package hyperref Info: Link coloring ON on input line 267.

(/usr/local/texlive/2021/texmf-dist/tex/latex/hyperref/nameref.sty
Package: nameref 2021-04-02 v2.47 Cross-referencing by name of section

(/usr/local/texlive/2021/texmf-dist/tex/latex/refcount/refcount.sty
Package: refcount 2019/12/15 v3.6 Data extraction from label references (HO)
)
(/usr/local/texlive/2021/texmf-dist/tex/generic/gettitlestring/gettitlestring.s
ty
Package: gettitlestring 2019/12/15 v1.6 Cleanup title references (HO)
)
\c@section@level=\count341
)
LaTeX Info: Redefining \ref on input line 267.
LaTeX Info: Redefining \pageref on input line 267.
LaTeX Info: Redefining \nameref on input line 267.
 (./interaktive_forelesningsnotater_2A_del1_av_2.out)
(./interaktive_forelesningsnotater_2A_del1_av_2.out)
\@outlinefile=\write5
\openout5 = `interaktive_forelesningsnotater_2A_del1_av_2.out'.

LaTeX Font Info:    Overwriting symbol font `operators' in version `normal'
(Font)                  OT1/cmr/m/n --> OT1/cmss/m/n on input line 267.
LaTeX Font Info:    Overwriting symbol font `operators' in version `bold'
(Font)                  OT1/cmr/bx/n --> OT1/cmss/b/n on input line 267.
\symnumbers=\mathgroup6
\sympureletters=\mathgroup7
LaTeX Font Info:    Overwriting math alphabet `\mathrm' in version `normal'
(Font)                  OT1/cmss/m/n --> OT1/cmr/m/n on input line 267.
LaTeX Font Info:    Redeclaring math alphabet \mathbf on input line 267.
LaTeX Font Info:    Overwriting math alphabet `\mathbf' in version `normal'
(Font)                  OT1/cmr/bx/n --> OT1/cmss/b/n on input line 267.
LaTeX Font Info:    Overwriting math alphabet `\mathbf' in version `bold'
(Font)                  OT1/cmr/bx/n --> OT1/cmss/b/n on input line 267.
LaTeX Font Info:    Redeclaring math alphabet \mathsf on input line 267.
LaTeX Font Info:    Overwriting math alphabet `\mathsf' in version `normal'
(Font)                  OT1/cmss/m/n --> OT1/cmss/m/n on input line 267.
LaTeX Font Info:    Overwriting math alphabet `\mathsf' in version `bold'
(Font)                  OT1/cmss/bx/n --> OT1/cmss/m/n on input line 267.
LaTeX Font Info:    Redeclaring math alphabet \mathit on input line 267.
LaTeX Font Info:    Overwriting math alphabet `\mathit' in version `normal'
(Font)                  OT1/cmr/m/it --> OT1/cmss/m/it on input line 267.
LaTeX Font Info:    Overwriting math alphabet `\mathit' in version `bold'
(Font)                  OT1/cmr/bx/it --> OT1/cmss/m/it on input line 267.
LaTeX Font Info:    Redeclaring math alphabet \mathtt on input line 267.
LaTeX Font Info:    Overwriting math alphabet `\mathtt' in version `normal'
(Font)                  OT1/cmtt/m/n --> OT1/cmtt/m/n on input line 267.
LaTeX Font Info:    Overwriting math alphabet `\mathtt' in version `bold'
(Font)                  OT1/cmtt/m/n --> OT1/cmtt/m/n on input line 267.
LaTeX Font Info:    Overwriting symbol font `numbers' in version `bold'
(Font)                  OT1/cmss/m/n --> OT1/cmss/b/n on input line 267.
LaTeX Font Info:    Overwriting symbol font `pureletters' in version `bold'
(Font)                  OT1/cmss/m/it --> OT1/cmss/b/it on input line 267.
LaTeX Font Info:    Overwriting math alphabet `\mathrm' in version `bold'
(Font)                  OT1/cmss/b/n --> OT1/cmr/b/n on input line 267.
LaTeX Font Info:    Overwriting math alphabet `\mathbf' in version `bold'
(Font)                  OT1/cmss/b/n --> OT1/cmss/b/n on input line 267.
LaTeX Font Info:    Overwriting math alphabet `\mathsf' in version `bold'
(Font)                  OT1/cmss/m/n --> OT1/cmss/b/n on input line 267.
LaTeX Font Info:    Overwriting math alphabet `\mathit' in version `bold'
(Font)                  OT1/cmss/m/it --> OT1/cmss/b/it on input line 267.
LaTeX Font Info:    Overwriting math alphabet `\mathtt' in version `bold'
(Font)                  OT1/cmtt/m/n --> OT1/cmtt/b/n on input line 267.
LaTeX Font Info:    Redeclaring symbol font `pureletters' on input line 267.
LaTeX Font Info:    Overwriting symbol font `pureletters' in version `normal'
(Font)                  OT1/cmss/m/it --> OT1/mathkerncmss/m/sl on input line 2
67.
LaTeX Font Info:    Overwriting symbol font `pureletters' in version `bold'
(Font)                  OT1/cmss/b/it --> OT1/mathkerncmss/m/sl on input line 2
67.
LaTeX Font Info:    Overwriting symbol font `pureletters' in version `bold'
(Font)                  OT1/mathkerncmss/m/sl --> OT1/mathkerncmss/bx/sl on inp
ut line 267.

(/usr/local/texlive/2021/texmf-dist/tex/latex/translator/translator-basic-dicti
onary-English.dict
Dictionary: translator-basic-dictionary, Language: English 
)
(/usr/local/texlive/2021/texmf-dist/tex/latex/translator/translator-bibliograph
y-dictionary-English.dict
Dictionary: translator-bibliography-dictionary, Language: English 
)
(/usr/local/texlive/2021/texmf-dist/tex/latex/translator/translator-environment
-dictionary-English.dict
Dictionary: translator-environment-dictionary, Language: English 
)
(/usr/local/texlive/2021/texmf-dist/tex/latex/translator/translator-months-dict
ionary-English.dict
Dictionary: translator-months-dictionary, Language: English 
)
(/usr/local/texlive/2021/texmf-dist/tex/latex/translator/translator-numbers-dic
tionary-English.dict
Dictionary: translator-numbers-dictionary, Language: English 
)
(/usr/local/texlive/2021/texmf-dist/tex/latex/translator/translator-theorem-dic
tionary-English.dict
Dictionary: translator-theorem-dictionary, Language: English 
) (./interaktive_forelesningsnotater_2A_del1_av_2.nav)
\g__tikzsymbols_savebox_F_0 0 1 rg 0 0 1 RG_10.95_Changey_1_yellow_2_box=\box80

\g__tikzsymbols_savebox_F_0 0 1 rg 0 0 1 RG_10.95_Changey_1_yellow_-2_box=\box8
1

[1

{/usr/local/texlive/2021/texmf-var/fonts/map/pdftex/updmap/pdftex.map}]
[2

] [3

]
<media/clock.png, id=70, 745.8264pt x 734.2632pt>
File: media/clock.png Graphic file (type png)
<use media/clock.png>
Package pdftex.def Info: media/clock.png  used on input line 320.
(pdftex.def)             Requested size: 186.45615pt x 183.56534pt.

Overfull \hbox (15.3085pt too wide) in paragraph at lines 320--320
[][]  
 []

LaTeX Font Info:    Trying to load font information for U+msa on input line 320
.
(/usr/local/texlive/2021/texmf-dist/tex/latex/amsfonts/umsa.fd
File: umsa.fd 2013/01/14 v3.01 AMS symbols A
)
LaTeX Font Info:    Trying to load font information for U+msb on input line 320
.

(/usr/local/texlive/2021/texmf-dist/tex/latex/amsfonts/umsb.fd
File: umsb.fd 2013/01/14 v3.01 AMS symbols B
)
LaTeX Font Info:    Trying to load font information for OT1+mathkerncmss on inp
ut line 320.

(/usr/local/texlive/2021/texmf-dist/tex/latex/sansmathaccent/ot1mathkerncmss.fd
File: ot1mathkerncmss.fd 2020/01/31 Fontinst v1.933 font definitions for OT1/ma
thkerncmss.
)
Overfull \vbox (42.54742pt too high) detected at line 320
 []

[4

 <./media/clock.png>] [5

] [6

]
Overfull \hbox (7.77573pt too wide) in paragraph at lines 353--353
[][][][][][][][][][][][][][][][][][][][][][][][][][][][][][][][]\OT1/cmss/bx/n/
10.95 SIDE 
 []

<media/klassrel1.png, id=122, 769.87625pt x 507.8975pt>
File: media/klassrel1.png Graphic file (type png)
<use media/klassrel1.png>
Package pdftex.def Info: media/klassrel1.png  used on input line 353.
(pdftex.def)             Requested size: 230.96466pt x 152.37042pt.
[7

 <./media/klassrel1.png>]
Overfull \hbox (7.77573pt too wide) in paragraph at lines 361--361
[][][][][][][][][][][][][][][][][][][][][][][][][][][][][][][][]\OT1/cmss/bx/n/
10.95 SIDE 
 []

<media/klassrel2.png, id=136, 764.8575pt x 532.99126pt>
File: media/klassrel2.png Graphic file (type png)
<use media/klassrel2.png>
Package pdftex.def Info: media/klassrel2.png  used on input line 361.
(pdftex.def)             Requested size: 229.45901pt x 159.8986pt.

Overfull \hbox (0.81789pt too wide) in paragraph at lines 361--361
[][][][][][][][][][][][][][][][][][][][][][][][][][][][][][][][][][][][][][][][
][][][][][][] 
 []


Overfull \vbox (19.33305pt too high) detected at line 361
 []

[8

 <./media/klassrel2.png>]
Overfull \hbox (7.77573pt too wide) in paragraph at lines 365--365
[][][][][][][][][][][][][][][][][][][][][][][][][][][][][][][][]\OT1/cmss/bx/n/
10.95 SIDE 
 []

[9

]
Overfull \hbox (7.77573pt too wide) in paragraph at lines 370--370
[][][][][][][][][][][][][][][][][][][][][][][][][][][][][][][][]\OT1/cmss/bx/n/
10.95 SIDE 
 []

<media/klassrel3.png, id=162, 773.89125pt x 530.98375pt>
File: media/klassrel3.png Graphic file (type png)
<use media/klassrel3.png>
Package pdftex.def Info: media/klassrel3.png  used on input line 370.
(pdftex.def)             Requested size: 232.16916pt x 159.29634pt.

Overfull \vbox (2.17088pt too high) detected at line 370
 []

[10

 <./media/klassrel3.png>]
Overfull \hbox (7.77573pt too wide) in paragraph at lines 379--379
[][][][][][][][][][][][][][][][][][][][][][][][][][][][][][][][]\OT1/cmss/bx/n/
10.95 SIDE 
 []

<media/klassrel4.png, id=174, 774.895pt x 545.03625pt>
File: media/klassrel4.png Graphic file (type png)
<use media/klassrel4.png>
Package pdftex.def Info: media/klassrel4.png  used on input line 379.
(pdftex.def)             Requested size: 232.47029pt x 163.51213pt.

Overfull \hbox (0.81789pt too wide) in paragraph at lines 379--379
[][][][][][][][][][][][][][][][][][][][][][][][][][][][][][][][][][][][][][][][
][][][][][][] 
 []


Overfull \vbox (22.94658pt too high) detected at line 379
 []

[11

 <./media/klassrel4.png>]
Overfull \hbox (7.77573pt too wide) in paragraph at lines 384--384
[][][][][][][][][][][][][][][][][][][][][][][][][][][][][][][][]\OT1/cmss/bx/n/
10.95 SIDE 
 []

[12

]
Overfull \hbox (7.77573pt too wide) in paragraph at lines 389--389
[][][][][][][][][][][][][][][][][][][][][][][][][][][][][][][][]\OT1/cmss/bx/n/
10.95 SIDE 
 []

<media/klassrel5.png, id=199, 769.87625pt x 534.99875pt>
File: media/klassrel5.png Graphic file (type png)
<use media/klassrel5.png>
Package pdftex.def Info: media/klassrel5.png  used on input line 389.
(pdftex.def)             Requested size: 230.96466pt x 160.50085pt.
[13

 <./media/klassrel5.png>]
Overfull \hbox (7.77573pt too wide) in paragraph at lines 397--397
[][][][][][][][][][][][][][][][][][][][][][][][][][][][][][][][]\OT1/cmss/bx/n/
10.95 SIDE 
 []

<media/klassrel6.png, id=212, 764.8575pt x 544.0325pt>
File: media/klassrel6.png Graphic file (type png)
<use media/klassrel6.png>
Package pdftex.def Info: media/klassrel6.png  used on input line 397.
(pdftex.def)             Requested size: 229.45901pt x 163.211pt.

Overfull \hbox (0.81789pt too wide) in paragraph at lines 397--397
[][][][][][][][][][][][][][][][][][][][][][][][][][][][][][][][][][][][][][][][
][][][][][][] 
 []


Overfull \vbox (22.64545pt too high) detected at line 397
 []

[14

 <./media/klassrel6.png>]
Overfull \hbox (7.77573pt too wide) in paragraph at lines 401--401
[][][][][][][][][][][][][][][][][][][][][][][][][][][][][][][][]\OT1/cmss/bx/n/
10.95 SIDE 
 []

[15

]
Overfull \hbox (7.77573pt too wide) in paragraph at lines 406--406
[][][][][][][][][][][][][][][][][][][][][][][][][][][][][][][][]\OT1/cmss/bx/n/
10.95 SIDE 
 []

<media/klassrel7.png, id=237, 766.865pt x 532.99126pt>
File: media/klassrel7.png Graphic file (type png)
<use media/klassrel7.png>
Package pdftex.def Info: media/klassrel7.png  used on input line 406.
(pdftex.def)             Requested size: 230.06128pt x 159.8986pt.
[16

 <./media/klassrel7.png>]
Overfull \hbox (12.77573pt too wide) in paragraph at lines 418--418
[][][][][][][][][][][][][][][][][][][][][][][][][][][][][][][][]\OT1/cmss/bx/n/
10.95 SIDE 
 []

File: media/klassrel7.png Graphic file (type png)
<use media/klassrel7.png>
Package pdftex.def Info: media/klassrel7.png  used on input line 418.
(pdftex.def)             Requested size: 230.06128pt x 159.8986pt.

Overfull \vbox (18.07751pt too high) detected at line 418
 []

[17

]
Overfull \hbox (12.77573pt too wide) in paragraph at lines 429--429
[][][][][][][][][][][][][][][][][][][][][][][][][][][][][][][][]\OT1/cmss/bx/n/
10.95 SIDE 
 []

File: media/klassrel7.png Graphic file (type png)
<use media/klassrel7.png>
Package pdftex.def Info: media/klassrel7.png  used on input line 429.
(pdftex.def)             Requested size: 230.06128pt x 159.8986pt.

Overfull \vbox (13.72906pt too high) detected at line 429
 []

[18

]
Overfull \hbox (12.77573pt too wide) in paragraph at lines 437--437
[][][][][][][][][][][][][][][][][][][][][][][][][][][][][][][][]\OT1/cmss/bx/n/
10.95 SIDE 
 []

<media/fig_7-3.png, id=272, 1028.84375pt x 593.21625pt>
File: media/fig_7-3.png Graphic file (type png)
<use media/fig_7-3.png>
Package pdftex.def Info: media/fig_7-3.png  used on input line 437.
(pdftex.def)             Requested size: 565.86581pt x 326.26994pt.

Overfull \vbox (216.08084pt too high) detected at line 437
 []

[19

 <./media/fig_7-3.png>]
Overfull \hbox (12.77573pt too wide) in paragraph at lines 446--446
[][][][][][][][][][][][][][][][][][][][][][][][][][][][][][][][]\OT1/cmss/bx/n/
10.95 SIDE 
 []

File: media/fig_7-3.png Graphic file (type png)
<use media/fig_7-3.png>
Package pdftex.def Info: media/fig_7-3.png  used on input line 446.
(pdftex.def)             Requested size: 565.86581pt x 326.26994pt.

Overfull \vbox (155.82661pt too high) detected at line 446
 []

[20

]
Overfull \hbox (12.77573pt too wide) in paragraph at lines 450--450
[][][][][][][][][][][][][][][][][][][][][][][][][][][][][][][][]\OT1/cmss/bx/n/
10.95 SIDE 
 []

[21

]
Overfull \hbox (12.77573pt too wide) in paragraph at lines 459--459
[][][][][][][][][][][][][][][][][][][][][][][][][][][][][][][][]\OT1/cmss/bx/n/
10.95 SIDE 
 []

File: media/fig_7-3.png Graphic file (type png)
<use media/fig_7-3.png>
Package pdftex.def Info: media/fig_7-3.png  used on input line 459.
(pdftex.def)             Requested size: 565.86581pt x 326.26994pt.

Overfull \vbox (211.47856pt too high) detected at line 459
 []

[22

]
Overfull \hbox (12.77573pt too wide) in paragraph at lines 467--467
[][][][][][][][][][][][][][][][][][][][][][][][][][][][][][][][]\OT1/cmss/bx/n/
10.95 SIDE 
 []

File: media/fig_7-3.png Graphic file (type png)
<use media/fig_7-3.png>
Package pdftex.def Info: media/fig_7-3.png  used on input line 467.
(pdftex.def)             Requested size: 565.86581pt x 326.26994pt.

Overfull \vbox (208.71832pt too high) detected at line 467
 []

[23

]
Overfull \hbox (12.77573pt too wide) in paragraph at lines 478--478
[][][][][][][][][][][][][][][][][][][][][][][][][][][][][][][][]\OT1/cmss/bx/n/
10.95 SIDE 
 []

File: media/fig_7-3.png Graphic file (type png)
<use media/fig_7-3.png>
Package pdftex.def Info: media/fig_7-3.png  used on input line 478.
(pdftex.def)             Requested size: 565.86581pt x 326.26994pt.

Overfull \vbox (225.70439pt too high) detected at line 478
 []

[24

]
Overfull \hbox (12.77573pt too wide) in paragraph at lines 484--484
[][][][][][][][][][][][][][][][][][][][][][][][][][][][][][][][]\OT1/cmss/bx/n/
10.95 SIDE 
 []

<media/klassrel8.png, id=339, 772.8875pt x 545.03625pt>
File: media/klassrel8.png Graphic file (type png)
<use media/klassrel8.png>
Package pdftex.def Info: media/klassrel8.png  used on input line 484.
(pdftex.def)             Requested size: 231.86803pt x 163.51213pt.

Overfull \vbox (6.38667pt too high) detected at line 484
 []

[25

 <./media/klassrel8.png>]
Overfull \hbox (12.77573pt too wide) in paragraph at lines 490--490
[][][][][][][][][][][][][][][][][][][][][][][][][][][][][][][][]\OT1/cmss/bx/n/
10.95 SIDE 
 []

<media/klassrel9.png, id=352, 762.85pt x 526.96875pt>
File: media/klassrel9.png Graphic file (type png)
<use media/klassrel9.png>
Package pdftex.def Info: media/klassrel9.png  used on input line 490.
(pdftex.def)             Requested size: 228.85677pt x 158.09184pt.
[26

 <./media/klassrel9.png>]
Overfull \hbox (12.77573pt too wide) in paragraph at lines 496--496
[][][][][][][][][][][][][][][][][][][][][][][][][][][][][][][][]\OT1/cmss/bx/n/
10.95 SIDE 
 []

<media/klassrel10.png, id=364, 765.86125pt x 529.98pt>
File: media/klassrel10.png Graphic file (type png)
<use media/klassrel10.png>
Package pdftex.def Info: media/klassrel10.png  used on input line 496.
(pdftex.def)             Requested size: 229.76015pt x 158.99521pt.
[27

 <./media/klassrel10.png>]
Overfull \hbox (12.77573pt too wide) in paragraph at lines 501--501
[][][][][][][][][][][][][][][][][][][][][][][][][][][][][][][][]\OT1/cmss/bx/n/
10.95 SIDE 
 []

<media/klassrel11.png, id=376, 761.84625pt x 518.93875pt>
File: media/klassrel11.png Graphic file (type png)
<use media/klassrel11.png>
Package pdftex.def Info: media/klassrel11.png  used on input line 501.
(pdftex.def)             Requested size: 228.55563pt x 155.68282pt.

Overfull \vbox (8.0395pt too high) detected at line 501
 []

[28

 <./media/klassrel11.png>]
Overfull \hbox (12.77573pt too wide) in paragraph at lines 506--506
[][][][][][][][][][][][][][][][][][][][][][][][][][][][][][][][]\OT1/cmss/bx/n/
10.95 SIDE 
 []

File: media/klassrel11.png Graphic file (type png)
<use media/klassrel11.png>
Package pdftex.def Info: media/klassrel11.png  used on input line 506.
(pdftex.def)             Requested size: 228.55563pt x 155.68282pt.
[29

] [30

]
Overfull \hbox (26.41547pt too wide) in paragraph at lines 526--526
[][][][][][][][][][][][][][][][][][][][][][][][][][][][][][][][]\OT1/cmss/bx/n/
10.95 SIDE 
 []

[31

]
Overfull \hbox (26.41547pt too wide) in paragraph at lines 531--531
[][][][][][][][][][][][][][][][][][][][][][][][][][][][][][][][]\OT1/cmss/bx/n/
10.95 SIDE 
 []

<media/tog1.png, id=417, 1009.7725pt x 551.05875pt>
File: media/tog1.png Graphic file (type png)
<use media/tog1.png>
Package pdftex.def Info: media/tog1.png  used on input line 531.
(pdftex.def)             Requested size: 302.93408pt x 165.3189pt.

Overfull \vbox (18.10889pt too high) detected at line 531
 []

[32

 <./media/tog1.png>]
Overfull \hbox (26.41547pt too wide) in paragraph at lines 541--541
[][][][][][][][][][][][][][][][][][][][][][][][][][][][][][][][]\OT1/cmss/bx/n/
10.95 SIDE 
 []

File: media/tog1.png Graphic file (type png)
<use media/tog1.png>
Package pdftex.def Info: media/tog1.png  used on input line 541.
(pdftex.def)             Requested size: 262.53465pt x 143.27188pt.

Overfull \vbox (3.56187pt too high) detected at line 541
 []

[33

]
Overfull \hbox (26.41547pt too wide) in paragraph at lines 550--550
[][][][][][][][][][][][][][][][][][][][][][][][][][][][][][][][]\OT1/cmss/bx/n/
10.95 SIDE 
 []

File: media/tog1.png Graphic file (type png)
<use media/tog1.png>
Package pdftex.def Info: media/tog1.png  used on input line 550.
(pdftex.def)             Requested size: 262.53465pt x 143.27188pt.
[34

]
Overfull \hbox (26.41547pt too wide) in paragraph at lines 555--555
[][][][][][][][][][][][][][][][][][][][][][][][][][][][][][][][]\OT1/cmss/bx/n/
10.95 SIDE 
 []

File: media/tog1.png Graphic file (type png)
<use media/tog1.png>
Package pdftex.def Info: media/tog1.png  used on input line 555.
(pdftex.def)             Requested size: 262.53465pt x 143.27188pt.
[35

]
Overfull \hbox (26.41547pt too wide) in paragraph at lines 561--561
[][][][][][][][][][][][][][][][][][][][][][][][][][][][][][][][]\OT1/cmss/bx/n/
10.95 SIDE 
 []

File: media/tog1.png Graphic file (type png)
<use media/tog1.png>
Package pdftex.def Info: media/tog1.png  used on input line 561.
(pdftex.def)             Requested size: 262.53465pt x 143.27188pt.
[36

]
Overfull \hbox (26.41547pt too wide) in paragraph at lines 565--565
[][][][][][][][][][][][][][][][][][][][][][][][][][][][][][][][]\OT1/cmss/bx/n/
10.95 SIDE 
 []

[37

]
Overfull \hbox (26.41547pt too wide) in paragraph at lines 570--570
[][][][][][][][][][][][][][][][][][][][][][][][][][][][][][][][]\OT1/cmss/bx/n/
10.95 SIDE 
 []

File: media/tog1.png Graphic file (type png)
<use media/tog1.png>
Package pdftex.def Info: media/tog1.png  used on input line 570.
(pdftex.def)             Requested size: 262.53465pt x 143.27188pt.

Overfull \vbox (13.22023pt too high) detected at line 570
 []

[38

]
Overfull \hbox (26.41547pt too wide) in paragraph at lines 575--575
[][][][][][][][][][][][][][][][][][][][][][][][][][][][][][][][]\OT1/cmss/bx/n/
10.95 SIDE 
 []

<media/tog2.png, id=495, 1009.7725pt x 550.055pt>
File: media/tog2.png Graphic file (type png)
<use media/tog2.png>
Package pdftex.def Info: media/tog2.png  used on input line 575.
(pdftex.def)             Requested size: 262.53465pt x 143.01093pt.
[39

 <./media/tog2.png>]
Overfull \hbox (26.41547pt too wide) in paragraph at lines 581--581
[][][][][][][][][][][][][][][][][][][][][][][][][][][][][][][][]\OT1/cmss/bx/n/
10.95 SIDE 
 []

<media/tog3.png, id=507, 1008.76875pt x 551.05875pt>
File: media/tog3.png Graphic file (type png)
<use media/tog3.png>
Package pdftex.def Info: media/tog3.png  used on input line 581.
(pdftex.def)             Requested size: 262.27368pt x 143.27188pt.
[40

 <./media/tog3.png>]
Overfull \hbox (26.41547pt too wide) in paragraph at lines 586--586
[][][][][][][][][][][][][][][][][][][][][][][][][][][][][][][][]\OT1/cmss/bx/n/
10.95 SIDE 
 []

File: media/tog1.png Graphic file (type png)
<use media/tog1.png>
Package pdftex.def Info: media/tog1.png  used on input line 586.
(pdftex.def)             Requested size: 262.53465pt x 143.27188pt.
[41

]
Overfull \hbox (26.41547pt too wide) in paragraph at lines 594--594
[][][][][][][][][][][][][][][][][][][][][][][][][][][][][][][][]\OT1/cmss/bx/n/
10.95 SIDE 
 []

File: media/tog1.png Graphic file (type png)
<use media/tog1.png>
Package pdftex.def Info: media/tog1.png  used on input line 594.
(pdftex.def)             Requested size: 262.53465pt x 143.27188pt.
[42

]
Overfull \hbox (26.41547pt too wide) in paragraph at lines 598--598
[][][][][][][][][][][][][][][][][][][][][][][][][][][][][][][][]\OT1/cmss/bx/n/
10.95 SIDE 
 []

[43

]
Overfull \hbox (26.41547pt too wide) in paragraph at lines 603--603
[][][][][][][][][][][][][][][][][][][][][][][][][][][][][][][][]\OT1/cmss/bx/n/
10.95 SIDE 
 []

File: media/tog1.png Graphic file (type png)
<use media/tog1.png>
Package pdftex.def Info: media/tog1.png  used on input line 603.
(pdftex.def)             Requested size: 262.53465pt x 143.27188pt.
[44

]
<media/drink-coffee.png, id=567, 16.8383pt x 11.61842pt>
File: media/drink-coffee.png Graphic file (type png)
<use media/drink-coffee.png>
Package pdftex.def Info: media/drink-coffee.png  used on input line 620.
(pdftex.def)             Requested size: 67.35297pt x 46.47351pt.
 [45

 <./media/drink-coffee.png>]
Overfull \hbox (26.41547pt too wide) in paragraph at lines 630--630
[][][][][][][][][][][][][][][][][][][][][][][][][][][][][][][][]\OT1/cmss/bx/n/
10.95 SIDE 
 []

File: media/tog1.png Graphic file (type png)
<use media/tog1.png>
Package pdftex.def Info: media/tog1.png  used on input line 630.
(pdftex.def)             Requested size: 262.53465pt x 143.27188pt.

Overfull \vbox (17.13496pt too high) detected at line 630
 []

[46

]
Overfull \hbox (26.41547pt too wide) in paragraph at lines 636--636
[][][][][][][][][][][][][][][][][][][][][][][][][][][][][][][][]\OT1/cmss/bx/n/
10.95 SIDE 
 []

<media/tog4.png, id=588, 1010.77625pt x 552.0625pt>
File: media/tog4.png Graphic file (type png)
<use media/tog4.png>
Package pdftex.def Info: media/tog4.png  used on input line 636.
(pdftex.def)             Requested size: 262.79562pt x 143.53285pt.
[47

 <./media/tog4.png>]
Overfull \hbox (26.41547pt too wide) in paragraph at lines 642--642
[][][][][][][][][][][][][][][][][][][][][][][][][][][][][][][][]\OT1/cmss/bx/n/
10.95 SIDE 
 []

File: media/tog4.png Graphic file (type png)
<use media/tog4.png>
Package pdftex.def Info: media/tog4.png  used on input line 642.
(pdftex.def)             Requested size: 262.79562pt x 143.53285pt.

Overfull \vbox (0.80159pt too high) detected at line 642
 []

[48

]
Overfull \hbox (26.41547pt too wide) in paragraph at lines 647--647
[][][][][][][][][][][][][][][][][][][][][][][][][][][][][][][][]\OT1/cmss/bx/n/
10.95 SIDE 
 []

[49

]
Overfull \hbox (26.41547pt too wide) in paragraph at lines 652--652
[][][][][][][][][][][][][][][][][][][][][][][][][][][][][][][][]\OT1/cmss/bx/n/
10.95 SIDE 
 []

File: media/tog1.png Graphic file (type png)
<use media/tog1.png>
Package pdftex.def Info: media/tog1.png  used on input line 652.
(pdftex.def)             Requested size: 262.53465pt x 143.27188pt.
[50

]
Overfull \hbox (26.41547pt too wide) in paragraph at lines 660--660
[][][][][][][][][][][][][][][][][][][][][][][][][][][][][][][][]\OT1/cmss/bx/n/
10.95 SIDE 
 []

<media/tog5.png, id=633, 1015.795pt x 551.05875pt>
File: media/tog5.png Graphic file (type png)
<use media/tog5.png>
Package pdftex.def Info: media/tog5.png  used on input line 660.
(pdftex.def)             Requested size: 264.10046pt x 143.27188pt.
[51

 <./media/tog5.png>]
Overfull \hbox (26.41547pt too wide) in paragraph at lines 665--665
[][][][][][][][][][][][][][][][][][][][][][][][][][][][][][][][]\OT1/cmss/bx/n/
10.95 SIDE 
 []

[52

]
Overfull \hbox (26.41547pt too wide) in paragraph at lines 670--670
[][][][][][][][][][][][][][][][][][][][][][][][][][][][][][][][]\OT1/cmss/bx/n/
10.95 SIDE 
 []

File: media/tog5.png Graphic file (type png)
<use media/tog5.png>
Package pdftex.def Info: media/tog5.png  used on input line 670.
(pdftex.def)             Requested size: 264.10046pt x 143.27188pt.
[53

]
Overfull \hbox (26.41547pt too wide) in paragraph at lines 674--674
[][][][][][][][][][][][][][][][][][][][][][][][][][][][][][][][]\OT1/cmss/bx/n/
10.95 SIDE 
 []

[54

]
Overfull \hbox (26.41547pt too wide) in paragraph at lines 678--678
[][][][][][][][][][][][][][][][][][][][][][][][][][][][][][][][]\OT1/cmss/bx/n/
10.95 SIDE 
 []

[55

]
Overfull \hbox (26.41547pt too wide) in paragraph at lines 682--682
[][][][][][][][][][][][][][][][][][][][][][][][][][][][][][][][]\OT1/cmss/bx/n/
10.95 SIDE 
 []

<media/samtale1.png, id=691, 1027.84pt x 550.055pt>
File: media/samtale1.png Graphic file (type png)
<use media/samtale1.png>
Package pdftex.def Info: media/samtale1.png  used on input line 682.
(pdftex.def)             Requested size: 411.12872pt x 220.0181pt.

Overfull \vbox (2.30809pt too high) detected at line 682
 []

[56

 <./media/samtale1.png>]
Overfull \hbox (26.41547pt too wide) in paragraph at lines 686--686
[][][][][][][][][][][][][][][][][][][][][][][][][][][][][][][][]\OT1/cmss/bx/n/
10.95 SIDE 
 []

<media/samtale2.png, id=703, 1027.84pt x 551.05875pt>
File: media/samtale2.png Graphic file (type png)
<use media/samtale2.png>
Package pdftex.def Info: media/samtale2.png  used on input line 686.
(pdftex.def)             Requested size: 411.12872pt x 220.41959pt.

Overfull \vbox (2.70958pt too high) detected at line 686
 []

[57

 <./media/samtale2.png>]
Overfull \hbox (26.41547pt too wide) in paragraph at lines 690--690
[][][][][][][][][][][][][][][][][][][][][][][][][][][][][][][][]\OT1/cmss/bx/n/
10.95 SIDE 
 []

<media/samtale3.png, id=715, 1026.83624pt x 546.04pt>
File: media/samtale3.png Graphic file (type png)
<use media/samtale3.png>
Package pdftex.def Info: media/samtale3.png  used on input line 690.
(pdftex.def)             Requested size: 410.72722pt x 218.41212pt.

Overfull \vbox (0.70212pt too high) detected at line 690
 []

[58

 <./media/samtale3.png>]
Overfull \hbox (26.41547pt too wide) in paragraph at lines 694--694
[][][][][][][][][][][][][][][][][][][][][][][][][][][][][][][][]\OT1/cmss/bx/n/
10.95 SIDE 
 []

<media/samtale4.png, id=727, 1022.82124pt x 547.04375pt>
File: media/samtale4.png Graphic file (type png)
<use media/samtale4.png>
Package pdftex.def Info: media/samtale4.png  used on input line 694.
(pdftex.def)             Requested size: 409.12125pt x 218.81361pt.

Overfull \vbox (1.1036pt too high) detected at line 694
 []

[59

 <./media/samtale4.png>]
Overfull \hbox (26.41547pt too wide) in paragraph at lines 698--698
[][][][][][][][][][][][][][][][][][][][][][][][][][][][][][][][]\OT1/cmss/bx/n/
10.95 SIDE 
 []

[60

]
Overfull \hbox (26.41547pt too wide) in paragraph at lines 702--702
[][][][][][][][][][][][][][][][][][][][][][][][][][][][][][][][]\OT1/cmss/bx/n/
10.95 SIDE 
 []

[61

]
Overfull \hbox (26.41547pt too wide) in paragraph at lines 706--706
[][][][][][][][][][][][][][][][][][][][][][][][][][][][][][][][]\OT1/cmss/bx/n/
10.95 SIDE 
 []


Overfull \vbox (16.93704pt too high) detected at line 706
 []

[62

]
Overfull \hbox (26.41547pt too wide) in paragraph at lines 714--714
[][][][][][][][][][][][][][][][][][][][][][][][][][][][][][][][]\OT1/cmss/bx/n/
10.95 SIDE 
 []

[63

]
Overfull \hbox (26.41547pt too wide) in paragraph at lines 721--721
[][][][][][][][][][][][][][][][][][][][][][][][][][][][][][][][]\OT1/cmss/bx/n/
10.95 SIDE 
 []

[64

]
Overfull \hbox (26.41547pt too wide) in paragraph at lines 726--726
[][][][][][][][][][][][][][][][][][][][][][][][][][][][][][][][]\OT1/cmss/bx/n/
10.95 SIDE 
 []

[65

]
Overfull \hbox (26.41547pt too wide) in paragraph at lines 731--731
[][][][][][][][][][][][][][][][][][][][][][][][][][][][][][][][]\OT1/cmss/bx/n/
10.95 SIDE 
 []


Overfull \vbox (16.93704pt too high) detected at line 731
 []

[66

]
Overfull \hbox (26.41547pt too wide) in paragraph at lines 735--735
[][][][][][][][][][][][][][][][][][][][][][][][][][][][][][][][]\OT1/cmss/bx/n/
10.95 SIDE 
 []

[67

]
Overfull \hbox (26.41547pt too wide) in paragraph at lines 742--742
[][][][][][][][][][][][][][][][][][][][][][][][][][][][][][][][]\OT1/cmss/bx/n/
10.95 SIDE 
 []

[68

]
Overfull \hbox (26.41547pt too wide) in paragraph at lines 751--751
[][][][][][][][][][][][][][][][][][][][][][][][][][][][][][][][]\OT1/cmss/bx/n/
10.95 SIDE 
 []

[69

] [70

]
File: media/clock.png Graphic file (type png)
<use media/clock.png>
Package pdftex.def Info: media/clock.png  used on input line 1276.
(pdftex.def)             Requested size: 186.45615pt x 183.56534pt.

Overfull \hbox (15.3085pt too wide) in paragraph at lines 1276--1276
[][]  
 []


Overfull \hbox (0.37871pt too wide) in paragraph at lines 1276--1276
[][][][][][][][][][][][][][][][][][][][][][][][][][][][][][][][][][]  
 []

File: media/klassrel1.png Graphic file (type png)
<use media/klassrel1.png>
Package pdftex.def Info: media/klassrel1.png  used on input line 1276.
(pdftex.def)             Requested size: 230.96466pt x 152.37042pt.
File: media/klassrel2.png Graphic file (type png)
<use media/klassrel2.png>
Package pdftex.def Info: media/klassrel2.png  used on input line 1276.
(pdftex.def)             Requested size: 229.45901pt x 159.8986pt.

Overfull \hbox (0.81789pt too wide) in paragraph at lines 1276--1276
[][][][][][][][][][][][][][][][][][][][][][][][] 
 []

File: media/klassrel3.png Graphic file (type png)
<use media/klassrel3.png>
Package pdftex.def Info: media/klassrel3.png  used on input line 1276.
(pdftex.def)             Requested size: 232.16916pt x 159.29634pt.
File: media/klassrel4.png Graphic file (type png)
<use media/klassrel4.png>
Package pdftex.def Info: media/klassrel4.png  used on input line 1276.
(pdftex.def)             Requested size: 232.47029pt x 163.51213pt.

Overfull \hbox (0.81789pt too wide) in paragraph at lines 1276--1276
[][][][][][][][][][][][][][][][][][][][][][][][] 
 []

File: media/klassrel5.png Graphic file (type png)
<use media/klassrel5.png>
Package pdftex.def Info: media/klassrel5.png  used on input line 1276.
(pdftex.def)             Requested size: 230.96466pt x 160.50085pt.
File: media/klassrel6.png Graphic file (type png)
<use media/klassrel6.png>
Package pdftex.def Info: media/klassrel6.png  used on input line 1276.
(pdftex.def)             Requested size: 229.45901pt x 163.211pt.

Overfull \hbox (0.81789pt too wide) in paragraph at lines 1276--1276
[][][][][][][][][][][][][][][][][][][][][][][][] 
 []

File: media/klassrel7.png Graphic file (type png)
<use media/klassrel7.png>
Package pdftex.def Info: media/klassrel7.png  used on input line 1276.
(pdftex.def)             Requested size: 230.06128pt x 159.8986pt.
File: media/klassrel7.png Graphic file (type png)
<use media/klassrel7.png>
Package pdftex.def Info: media/klassrel7.png  used on input line 1276.
(pdftex.def)             Requested size: 230.06128pt x 159.8986pt.
File: media/klassrel7.png Graphic file (type png)
<use media/klassrel7.png>
Package pdftex.def Info: media/klassrel7.png  used on input line 1276.
(pdftex.def)             Requested size: 230.06128pt x 159.8986pt.
File: media/fig_7-3.png Graphic file (type png)
<use media/fig_7-3.png>
Package pdftex.def Info: media/fig_7-3.png  used on input line 1276.
(pdftex.def)             Requested size: 565.86581pt x 326.26994pt.
File: media/fig_7-3.png Graphic file (type png)
<use media/fig_7-3.png>
Package pdftex.def Info: media/fig_7-3.png  used on input line 1276.
(pdftex.def)             Requested size: 565.86581pt x 326.26994pt.
File: media/fig_7-3.png Graphic file (type png)
<use media/fig_7-3.png>
Package pdftex.def Info: media/fig_7-3.png  used on input line 1276.
(pdftex.def)             Requested size: 565.86581pt x 326.26994pt.
File: media/fig_7-3.png Graphic file (type png)
<use media/fig_7-3.png>
Package pdftex.def Info: media/fig_7-3.png  used on input line 1276.
(pdftex.def)             Requested size: 565.86581pt x 326.26994pt.
File: media/fig_7-3.png Graphic file (type png)
<use media/fig_7-3.png>
Package pdftex.def Info: media/fig_7-3.png  used on input line 1276.
(pdftex.def)             Requested size: 565.86581pt x 326.26994pt.
File: media/klassrel8.png Graphic file (type png)
<use media/klassrel8.png>
Package pdftex.def Info: media/klassrel8.png  used on input line 1276.
(pdftex.def)             Requested size: 231.86803pt x 163.51213pt.
File: media/klassrel9.png Graphic file (type png)
<use media/klassrel9.png>
Package pdftex.def Info: media/klassrel9.png  used on input line 1276.
(pdftex.def)             Requested size: 228.85677pt x 158.09184pt.
File: media/klassrel10.png Graphic file (type png)
<use media/klassrel10.png>
Package pdftex.def Info: media/klassrel10.png  used on input line 1276.
(pdftex.def)             Requested size: 229.76015pt x 158.99521pt.
File: media/klassrel11.png Graphic file (type png)
<use media/klassrel11.png>
Package pdftex.def Info: media/klassrel11.png  used on input line 1276.
(pdftex.def)             Requested size: 228.55563pt x 155.68282pt.
File: media/klassrel11.png Graphic file (type png)
<use media/klassrel11.png>
Package pdftex.def Info: media/klassrel11.png  used on input line 1276.
(pdftex.def)             Requested size: 228.55563pt x 155.68282pt.
File: media/tog1.png Graphic file (type png)
<use media/tog1.png>
Package pdftex.def Info: media/tog1.png  used on input line 1276.
(pdftex.def)             Requested size: 302.93408pt x 165.3189pt.
File: media/tog1.png Graphic file (type png)
<use media/tog1.png>
Package pdftex.def Info: media/tog1.png  used on input line 1276.
(pdftex.def)             Requested size: 262.53465pt x 143.27188pt.
File: media/tog1.png Graphic file (type png)
<use media/tog1.png>
Package pdftex.def Info: media/tog1.png  used on input line 1276.
(pdftex.def)             Requested size: 262.53465pt x 143.27188pt.
File: media/tog1.png Graphic file (type png)
<use media/tog1.png>
Package pdftex.def Info: media/tog1.png  used on input line 1276.
(pdftex.def)             Requested size: 262.53465pt x 143.27188pt.
File: media/tog1.png Graphic file (type png)
<use media/tog1.png>
Package pdftex.def Info: media/tog1.png  used on input line 1276.
(pdftex.def)             Requested size: 262.53465pt x 143.27188pt.
File: media/tog1.png Graphic file (type png)
<use media/tog1.png>
Package pdftex.def Info: media/tog1.png  used on input line 1276.
(pdftex.def)             Requested size: 262.53465pt x 143.27188pt.
File: media/tog2.png Graphic file (type png)
<use media/tog2.png>
Package pdftex.def Info: media/tog2.png  used on input line 1276.
(pdftex.def)             Requested size: 262.53465pt x 143.01093pt.
File: media/tog3.png Graphic file (type png)
<use media/tog3.png>
Package pdftex.def Info: media/tog3.png  used on input line 1276.
(pdftex.def)             Requested size: 262.27368pt x 143.27188pt.
File: media/tog1.png Graphic file (type png)
<use media/tog1.png>
Package pdftex.def Info: media/tog1.png  used on input line 1276.
(pdftex.def)             Requested size: 262.53465pt x 143.27188pt.
File: media/tog1.png Graphic file (type png)
<use media/tog1.png>
Package pdftex.def Info: media/tog1.png  used on input line 1276.
(pdftex.def)             Requested size: 262.53465pt x 143.27188pt.
File: media/tog1.png Graphic file (type png)
<use media/tog1.png>
Package pdftex.def Info: media/tog1.png  used on input line 1276.
(pdftex.def)             Requested size: 262.53465pt x 143.27188pt.
File: media/drink-coffee.png Graphic file (type png)
<use media/drink-coffee.png>
Package pdftex.def Info: media/drink-coffee.png  used on input line 1276.
(pdftex.def)             Requested size: 67.35297pt x 46.47351pt.
File: media/tog1.png Graphic file (type png)
<use media/tog1.png>
Package pdftex.def Info: media/tog1.png  used on input line 1276.
(pdftex.def)             Requested size: 262.53465pt x 143.27188pt.
File: media/tog4.png Graphic file (type png)
<use media/tog4.png>
Package pdftex.def Info: media/tog4.png  used on input line 1276.
(pdftex.def)             Requested size: 262.79562pt x 143.53285pt.
File: media/tog4.png Graphic file (type png)
<use media/tog4.png>
Package pdftex.def Info: media/tog4.png  used on input line 1276.
(pdftex.def)             Requested size: 262.79562pt x 143.53285pt.
File: media/tog1.png Graphic file (type png)
<use media/tog1.png>
Package pdftex.def Info: media/tog1.png  used on input line 1276.
(pdftex.def)             Requested size: 262.53465pt x 143.27188pt.
File: media/tog5.png Graphic file (type png)
<use media/tog5.png>
Package pdftex.def Info: media/tog5.png  used on input line 1276.
(pdftex.def)             Requested size: 264.10046pt x 143.27188pt.
File: media/tog5.png Graphic file (type png)
<use media/tog5.png>
Package pdftex.def Info: media/tog5.png  used on input line 1276.
(pdftex.def)             Requested size: 264.10046pt x 143.27188pt.
File: media/samtale1.png Graphic file (type png)
<use media/samtale1.png>
Package pdftex.def Info: media/samtale1.png  used on input line 1276.
(pdftex.def)             Requested size: 411.12872pt x 220.0181pt.
File: media/samtale2.png Graphic file (type png)
<use media/samtale2.png>
Package pdftex.def Info: media/samtale2.png  used on input line 1276.
(pdftex.def)             Requested size: 411.12872pt x 220.41959pt.
File: media/samtale3.png Graphic file (type png)
<use media/samtale3.png>
Package pdftex.def Info: media/samtale3.png  used on input line 1276.
(pdftex.def)             Requested size: 410.72722pt x 218.41212pt.
File: media/samtale4.png Graphic file (type png)
<use media/samtale4.png>
Package pdftex.def Info: media/samtale4.png  used on input line 1276.
(pdftex.def)             Requested size: 409.12125pt x 218.81361pt.

Overfull \vbox (13986.88396pt too high) detected at line 1276
 []

[71

]
\tf@nav=\write6
\openout6 = `interaktive_forelesningsnotater_2A_del1_av_2.nav'.

\tf@toc=\write7
\openout7 = `interaktive_forelesningsnotater_2A_del1_av_2.toc'.

\tf@snm=\write8
\openout8 = `interaktive_forelesningsnotater_2A_del1_av_2.snm'.

 (./interaktive_forelesningsnotater_2A_del1_av_2.aux)
Package rerunfilecheck Info: File `interaktive_forelesningsnotater_2A_del1_av_2
.out' has not changed.
(rerunfilecheck)             Checksum: D41D8CD98F00B204E9800998ECF8427E;0.
 ) 
Here is how much of TeX's memory you used:
 26059 strings out of 478994
 511648 string characters out of 5858185
 1367797 words of memory out of 5000000
 42740 multiletter control sequences out of 15000+600000
 422102 words of font info for 93 fonts, out of 8000000 for 9000
 1141 hyphenation exceptions out of 8191
 131i,11n,132p,1124b,1148s stack positions out of 5000i,500n,10000p,200000b,80000s
</usr/local/texlive/2021/texmf-dist/fonts/type1/public/amsfonts/cm/cmex10.pfb
></usr/local/texlive/2021/texmf-dist/fonts/type1/public/amsfonts/cm/cmmi10.pfb>
</usr/local/texlive/2021/texmf-dist/fonts/type1/public/amsfonts/cm/cmmi9.pfb></
usr/local/texlive/2021/texmf-dist/fonts/type1/public/amsfonts/cm/cmr7.pfb></usr
/local/texlive/2021/texmf-dist/fonts/type1/public/amsfonts/cm/cmr8.pfb></usr/lo
cal/texlive/2021/texmf-dist/fonts/type1/public/amsfonts/cm/cmss10.pfb></usr/loc
al/texlive/2021/texmf-dist/fonts/type1/public/amsfonts/cm/cmss12.pfb></usr/loca
l/texlive/2021/texmf-dist/fonts/type1/public/amsfonts/cm/cmss17.pfb></usr/local
/texlive/2021/texmf-dist/fonts/type1/public/amsfonts/cm/cmss8.pfb></usr/local/t
exlive/2021/texmf-dist/fonts/type1/public/amsfonts/cm/cmss9.pfb></usr/local/tex
live/2021/texmf-dist/fonts/type1/public/amsfonts/cm/cmssbx10.pfb></usr/local/te
xlive/2021/texmf-dist/fonts/type1/public/amsfonts/cm/cmssi10.pfb></usr/local/te
xlive/2021/texmf-dist/fonts/type1/public/amsfonts/cm/cmssi12.pfb></usr/local/te
xlive/2021/texmf-dist/fonts/type1/public/amsfonts/cm/cmssi8.pfb></usr/local/tex
live/2021/texmf-dist/fonts/type1/public/amsfonts/cm/cmssi9.pfb></usr/local/texl
ive/2021/texmf-dist/fonts/type1/public/amsfonts/cm/cmsy10.pfb></usr/local/texli
ve/2021/texmf-dist/fonts/type1/public/amsfonts/cm/cmsy7.pfb></usr/local/texlive
/2021/texmf-dist/fonts/type1/public/amsfonts/cm/cmsy8.pfb></usr/local/texlive/2
021/texmf-dist/fonts/type1/public/amsfonts/cm/cmsy9.pfb>
Output written on interaktive_forelesningsnotater_2A_del1_av_2.pdf (71 pages, 6
3331901 bytes).
PDF statistics:
 1108 PDF objects out of 1200 (max. 8388607)
 905 compressed objects within 10 object streams
 215 named destinations out of 1000 (max. 500000)
 452 words of extra memory for PDF output out of 10000 (max. 10000000)

